#
# A fatal error has been detected by the Java Runtime Environment:
#
#  SIGSEGV (0xb) at pc=0x000000010ed69e32, pid=2424, tid=0x0000000000000307
#
# JRE version: Java(TM) SE Runtime Environment (8.0_121-b13) (build 1.8.0_121-b13)
# Java VM: Java HotSpot(TM) 64-Bit Server VM (25.121-b13 mixed mode bsd-amd64 compressed oops)
# Problematic frame:
# V  [libjvm.dylib+0x169e32]
#
# Failed to write core dump. Core dumps have been disabled. To enable core dumping, try "ulimit -c unlimited" before starting Java again
#
# If you would like to submit a bug report, please visit:
#   http://bugreport.java.com/bugreport/crash.jsp
#

---------------  T H R E A D  ---------------

Current thread is native thread

siginfo: si_signo: 11 (SIGSEGV), si_code: 1 (SEGV_MAPERR), si_addr: 0x0000000000000270

Registers:
RAX=0x0000000000000000, RBX=0x0000000000000000, RCX=0x000000010f42f490, RDX=0x0000000000000000
RSP=0x00007fff519acf40, RBP=0x00007fff519acf50, RSI=0x0000000000000006, RDI=0x00007fff519acf60
R8 =0x0000000000000000, R9 =0x00000000000004a3, R10=0x0000000113eefee0, R11=0x00007fa25fe06070
R12=0x00007fa2569321f8, R13=0x00007fa25fb07810, R14=0x00007fa25839ea60, R15=0x00007fa2569321f8
RIP=0x000000010ed69e32, EFLAGS=0x0000000000010246, ERR=0x0000000000000006
  TRAPNO=0x000000000000000e

Top of Stack: (sp=0x00007fff519acf40)
0x00007fff519acf40:   0000000000000000 00007fa25839ea60
0x00007fff519acf50:   00007fff519acf80 000000010ef1416a
0x00007fff519acf60:   0000000000000000 00007fa25b71c0c0
0x00007fff519acf70:   0000000000000008 00007fa25fb06ea0
0x00007fff519acf80:   00007fff519acfa0 0000000113eebe3a
0x00007fff519acf90:   00007fa2569321f8 00007fa25e89b000
0x00007fff519acfa0:   00007fff519acfc0 0000000113eebc44
0x00007fff519acfb0:   00007fa25b71c000 00007fa25b730600
0x00007fff519acfc0:   00007fff519ad020 000000013365be6b
0x00007fff519acfd0:   18d530289f4c00af 0000000000000000
0x00007fff519acfe0:   40a19012efec58fc 0000000000000000
0x00007fff519acff0:   00007fff519ad020 00007fa25fb06ea0
0x00007fff519ad000:   00007fa2586012d0 00007fa25fb07810
0x00007fff519ad010:   00007fa25fb06ea0 00007fffc9d92b40
0x00007fff519ad020:   00007fff519ad0a0 00007fffbafbe821
0x00007fff519ad030:   00007fa256314e00 0000000000000000
0x00007fff519ad040:   000002c0519ad080 00007fa25e89b000
0x00007fff519ad050:   0000000000000000 0000000000000000
0x00007fff519ad060:   0000000400000000 40a19012efec58fc
0x00007fff519ad070:   00007fff519ad0a0 00007fa25fb06ea0
0x00007fff519ad080:   0000000000000004 0000000000000000
0x00007fff519ad090:   00007fffc9d92b40 00007fffb3b19a04
0x00007fff519ad0a0:   00007fff519ad110 00007fffbafbe39f
0x00007fff519ad0b0:   3ff0000000000000 40928c0000000000
0x00007fff519ad0c0:   4086000000000000 0000000000000000
0x00007fff519ad0d0:   0000000000000000 40928c0000000000
0x00007fff519ad0e0:   4086000000000000 00007fff519ad1e0
0x00007fff519ad0f0:   00007fa25b002518 0000000000000000
0x00007fff519ad100:   00007fffb3b2251f 00007fa256314e00
0x00007fff519ad110:   00007fff519ae1e0 00007fffbafd1546
0x00007fff519ad120:   00007fff519ae1e0 00007fffbafd141c
0x00007fff519ad130:   00007fa25b002518 00007fa25b002518 

Instructions: (pc=0x000000010ed69e32)
0x000000010ed69e12:   0e 48 8b 0b 49 8b 56 18 48 63 c0 48 89 0c c2 5b
0x000000010ed69e22:   41 5e 5d c3 90 90 55 48 89 e5 41 56 53 48 8b 1f
0x000000010ed69e32:   c7 83 70 02 00 00 05 00 00 00 48 8d 05 85 64 78
0x000000010ed69e42:   00 8b 00 83 f8 01 41 89 f6 75 0c 48 8d 0d d2 cf 

Register to memory mapping:

RAX=0x0000000000000000 is an unknown value
RBX=0x0000000000000000 is an unknown value
RCX=0x000000010f42f490: jni_NativeInterface+0 in /Library/Java/JavaVirtualMachines/jdk1.8.0_121.jdk/Contents/Home/jre/lib/server/libjvm.dylib at 0x000000010ec00000
RDX=0x0000000000000000 is an unknown value
RSP=0x00007fff519acf40 is an unknown value
RBP=0x00007fff519acf50 is an unknown value
RSI=0x0000000000000006 is an unknown value
RDI=0x00007fff519acf60 is an unknown value
R8 =0x0000000000000000 is an unknown value
R9 =0x00000000000004a3 is an unknown value
R10=0x0000000113eefee0: OBJC_CLASS_$_JNFWeakJObjectWrapper+0 in /System/Library/Frameworks/JavaVM.framework/Versions/A/Frameworks/JavaNativeFoundation.framework/Versions/A/JavaNativeFoundation at 0x0000000113ee5000
R11=0x00007fa25fe06070 is an unknown value
R12=0x00007fa2569321f8 is an unknown value
R13=0x00007fa25fb07810 is an unknown value
R14=0x00007fa25839ea60 is a weak global jni handle
R15=0x00007fa2569321f8 is an unknown value


Stack: [0x00007fff511b2000,0x00007fff519b2000],  sp=0x00007fff519acf40,  free space=8171k
Native frames: (J=compiled Java code, j=interpreted, Vv=VM code, C=native code)
V  [libjvm.dylib+0x169e32]
V  [libjvm.dylib+0x31416a]
C  [JavaNativeFoundation+0x6e3a]  -[JNFWeakJObjectWrapper _getWithEnv:]+0x26
C  [JavaNativeFoundation+0x6c44]  -[JNFJObjectWrapper jObjectWithEnv:]+0x16
C  [libawt_lwawt.dylib+0x1ae6b]  -[CGLLayer drawInCGLContext:pixelFormat:forLayerTime:displayTime:]+0xa4
C  [QuartzCore+0x110821]  _ZL17CAOpenGLLayerDrawP13CAOpenGLLayerdPK11CVTimeStampj+0x369
C  [QuartzCore+0x11039f]  -[CAOpenGLLayer _display]+0x15f
C  [QuartzCore+0x123546]  _ZN2CA5Layer17display_if_neededEPNS_11TransactionE+0x23c
C  [QuartzCore+0x123671]  _ZN2CA5Layer28layout_and_display_if_neededEPNS_11TransactionE+0x23
C  [QuartzCore+0x118e88]  _ZN2CA7Context18commit_transactionEPNS_11TransactionE+0x118
C  [QuartzCore+0xfd55]  _ZN2CA11Transaction6commitEv+0x1db
C  [QuartzCore+0x106b6]  _ZN2CA11Transaction17observer_callbackEP19__CFRunLoopObservermPv+0x6c
C  [CoreFoundation+0xa3ec7]  __CFRUNLOOP_IS_CALLING_OUT_TO_AN_OBSERVER_CALLBACK_FUNCTION__+0x17
C  [CoreFoundation+0xa3e37]  __CFRunLoopDoObservers+0x187
C  [CoreFoundation+0x84ece]  __CFRunLoopRun+0x4be
C  [CoreFoundation+0x847b4]  CFRunLoopRunSpecific+0x1a4
C  [java+0x6465]  CreateExecutionEnvironment+0x367
C  [java+0x218c]  JLI_Launch+0x7a0
C  [java+0x84c2]  main+0x65
C  [java+0x19e4]  start+0x34


---------------  P R O C E S S  ---------------

VM state:not at safepoint (normal execution)

VM Mutex/Monitor currently owned by a thread: None

Heap:
 PSYoungGen      total 105984K, used 58415K [0x00000007aab00000, 0x00000007b2880000, 0x00000007c0000000)
  eden space 89600K, 46% used [0x00000007aab00000,0x00000007ad40d168,0x00000007b0280000)
  from space 16384K, 99% used [0x00000007b1580000,0x00000007b257eb38,0x00000007b2580000)
  to   space 19456K, 0% used [0x00000007b0280000,0x00000007b0280000,0x00000007b1580000)
 ParOldGen       total 61952K, used 22519K [0x0000000780000000, 0x0000000783c80000, 0x00000007aab00000)
  object space 61952K, 36% used [0x0000000780000000,0x00000007815fdfd0,0x0000000783c80000)
 Metaspace       used 53186K, capacity 54849K, committed 54912K, reserved 1097728K
  class space    used 6924K, capacity 7250K, committed 7296K, reserved 1048576K

Card table byte_map: [0x000000010ff62000,0x0000000110163000] byte_map_base: 0x000000010c362000

Marking Bits: (ParMarkBitMap*) 0x000000010f4f0d30
 Begin Bits: [0x00000001102b9000, 0x00000001112b9000)
 End Bits:   [0x00000001112b9000, 0x00000001122b9000)

Polling page: 0x000000010e340000

CodeCache: size=245760Kb used=28208Kb max_used=28210Kb free=217551Kb
 bounds [0x0000000117a22000, 0x00000001195e2000, 0x0000000126a22000]
 total_blobs=9893 nmethods=8842 adapters=962
 compilation: enabled

Compilation events (10 events):
Event: 190.124 Thread 0x00007fa25781a800 10233       4       javafx.scene.Node$$Lambda$178/1562821366::dispatchEvent (10 bytes)
Event: 190.184 Thread 0x00007fa25781a800 nmethod 10233 0x00000001195d2310 code [0x00000001195d2780, 0x00000001195d47e0]
Event: 191.063 Thread 0x00007fa25781b000 10234       3       java.lang.Boolean::equals (29 bytes)
Event: 191.063 Thread 0x00007fa25781b000 nmethod 10234 0x00000001195acb90 code [0x00000001195acd00, 0x00000001195ad170]
Event: 191.127 Thread 0x00007fa25781b000 10235       3       sun.awt.image.MultiResolutionCachedImage::getBaseImage (13 bytes)
Event: 191.127 Thread 0x00007fa25781b000 nmethod 10235 0x00000001195af890 code [0x00000001195afa00, 0x00000001195afba8]
Event: 191.127 Thread 0x00007fa25781b000 10236       1       javax.swing.AbstractButton::getText (5 bytes)
Event: 191.128 Thread 0x00007fa25781b000 nmethod 10236 0x00000001195ac810 code [0x00000001195ac960, 0x00000001195aca70]
Event: 191.132 Thread 0x00007fa25781b000 10237   !   3       java.awt.KeyboardFocusManager::getFocusOwner (42 bytes)
Event: 191.133 Thread 0x00007fa25781b000 nmethod 10237 0x00000001195a2e50 code [0x00000001195a2fe0, 0x00000001195a3448]

GC Heap History (10 events):
Event: 15.959 GC heap before
{Heap before GC invocations=8 (full 1):
 PSYoungGen      total 56832K, used 56679K [0x00000007aab00000, 0x00000007af980000, 0x00000007c0000000)
  eden space 51200K, 100% used [0x00000007aab00000,0x00000007add00000,0x00000007add00000)
  from space 5632K, 97% used [0x00000007af400000,0x00000007af959c78,0x00000007af980000)
  to   space 9216K, 0% used [0x00000007ae780000,0x00000007ae780000,0x00000007af080000)
 ParOldGen       total 40448K, used 10635K [0x0000000780000000, 0x0000000782780000, 0x00000007aab00000)
  object space 40448K, 26% used [0x0000000780000000,0x0000000780a62fc8,0x0000000782780000)
 Metaspace       used 27922K, capacity 28528K, committed 28544K, reserved 1073152K
  class space    used 3762K, capacity 3953K, committed 3968K, reserved 1048576K
Event: 15.968 GC heap after
Heap after GC invocations=8 (full 1):
 PSYoungGen      total 71168K, used 6241K [0x00000007aab00000, 0x00000007b0800000, 0x00000007c0000000)
  eden space 61952K, 0% used [0x00000007aab00000,0x00000007aab00000,0x00000007ae780000)
  from space 9216K, 67% used [0x00000007ae780000,0x00000007aed98470,0x00000007af080000)
  to   space 9216K, 0% used [0x00000007aff00000,0x00000007aff00000,0x00000007b0800000)
 ParOldGen       total 40448K, used 10643K [0x0000000780000000, 0x0000000782780000, 0x00000007aab00000)
  object space 40448K, 26% used [0x0000000780000000,0x0000000780a64fc8,0x0000000782780000)
 Metaspace       used 27922K, capacity 28528K, committed 28544K, reserved 1073152K
  class space    used 3762K, capacity 3953K, committed 3968K, reserved 1048576K
}
Event: 22.189 GC heap before
{Heap before GC invocations=9 (full 1):
 PSYoungGen      total 71168K, used 66321K [0x00000007aab00000, 0x00000007b0800000, 0x00000007c0000000)
  eden space 61952K, 96% used [0x00000007aab00000,0x00000007ae5ac1e8,0x00000007ae780000)
  from space 9216K, 67% used [0x00000007ae780000,0x00000007aed98470,0x00000007af080000)
  to   space 9216K, 0% used [0x00000007aff00000,0x00000007aff00000,0x00000007b0800000)
 ParOldGen       total 40448K, used 10643K [0x0000000780000000, 0x0000000782780000, 0x00000007aab00000)
  object space 40448K, 26% used [0x0000000780000000,0x0000000780a64fc8,0x0000000782780000)
 Metaspace       used 34236K, capacity 35383K, committed 35416K, reserved 1079296K
  class space    used 4630K, capacity 4864K, committed 4864K, reserved 1048576K
Event: 22.214 GC heap after
Heap after GC invocations=9 (full 1):
 PSYoungGen      total 81408K, used 9195K [0x00000007aab00000, 0x00000007b1d00000, 0x00000007c0000000)
  eden space 72192K, 0% used [0x00000007aab00000,0x00000007aab00000,0x00000007af180000)
  from space 9216K, 99% used [0x00000007aff00000,0x00000007b07fade0,0x00000007b0800000)
  to   space 13824K, 0% used [0x00000007af180000,0x00000007af180000,0x00000007aff00000)
 ParOldGen       total 40448K, used 17891K [0x0000000780000000, 0x0000000782780000, 0x00000007aab00000)
  object space 40448K, 44% used [0x0000000780000000,0x0000000781178fc8,0x0000000782780000)
 Metaspace       used 34236K, capacity 35383K, committed 35416K, reserved 1079296K
  class space    used 4630K, capacity 4864K, committed 4864K, reserved 1048576K
}
Event: 22.214 GC heap before
{Heap before GC invocations=10 (full 2):
 PSYoungGen      total 81408K, used 9195K [0x00000007aab00000, 0x00000007b1d00000, 0x00000007c0000000)
  eden space 72192K, 0% used [0x00000007aab00000,0x00000007aab00000,0x00000007af180000)
  from space 9216K, 99% used [0x00000007aff00000,0x00000007b07fade0,0x00000007b0800000)
  to   space 13824K, 0% used [0x00000007af180000,0x00000007af180000,0x00000007aff00000)
 ParOldGen       total 40448K, used 17891K [0x0000000780000000, 0x0000000782780000, 0x00000007aab00000)
  object space 40448K, 44% used [0x0000000780000000,0x0000000781178fc8,0x0000000782780000)
 Metaspace       used 34236K, capacity 35383K, committed 35416K, reserved 1079296K
  class space    used 4630K, capacity 4864K, committed 4864K, reserved 1048576K
Event: 22.337 GC heap after
Heap after GC invocations=10 (full 2):
 PSYoungGen      total 81408K, used 0K [0x00000007aab00000, 0x00000007b1d00000, 0x00000007c0000000)
  eden space 72192K, 0% used [0x00000007aab00000,0x00000007aab00000,0x00000007af180000)
  from space 9216K, 0% used [0x00000007aff00000,0x00000007aff00000,0x00000007b0800000)
  to   space 13824K, 0% used [0x00000007af180000,0x00000007af180000,0x00000007aff00000)
 ParOldGen       total 61952K, used 20137K [0x0000000780000000, 0x0000000783c80000, 0x00000007aab00000)
  object space 61952K, 32% used [0x0000000780000000,0x00000007813aa788,0x0000000783c80000)
 Metaspace       used 34236K, capacity 35383K, committed 35416K, reserved 1079296K
  class space    used 4630K, capacity 4864K, committed 4864K, reserved 1048576K
}
Event: 41.760 GC heap before
{Heap before GC invocations=11 (full 2):
 PSYoungGen      total 81408K, used 72192K [0x00000007aab00000, 0x00000007b1d00000, 0x00000007c0000000)
  eden space 72192K, 100% used [0x00000007aab00000,0x00000007af180000,0x00000007af180000)
  from space 9216K, 0% used [0x00000007aff00000,0x00000007aff00000,0x00000007b0800000)
  to   space 13824K, 0% used [0x00000007af180000,0x00000007af180000,0x00000007aff00000)
 ParOldGen       total 61952K, used 20137K [0x0000000780000000, 0x0000000783c80000, 0x00000007aab00000)
  object space 61952K, 32% used [0x0000000780000000,0x00000007813aa788,0x0000000783c80000)
 Metaspace       used 39657K, capacity 41169K, committed 41472K, reserved 1085440K
  class space    used 5194K, capacity 5530K, committed 5632K, reserved 1048576K
Event: 41.778 GC heap after
Heap after GC invocations=11 (full 2):
 PSYoungGen      total 86016K, used 13821K [0x00000007aab00000, 0x00000007b2580000, 0x00000007c0000000)
  eden space 72192K, 0% used [0x00000007aab00000,0x00000007aab00000,0x00000007af180000)
  from space 13824K, 99% used [0x00000007af180000,0x00000007afeff5a0,0x00000007aff00000)
  to   space 16384K, 0% used [0x00000007b1580000,0x00000007b1580000,0x00000007b2580000)
 ParOldGen       total 61952K, used 20335K [0x0000000780000000, 0x0000000783c80000, 0x00000007aab00000)
  object space 61952K, 32% used [0x0000000780000000,0x00000007813dbe08,0x0000000783c80000)
 Metaspace       used 39657K, capacity 41169K, committed 41472K, reserved 1085440K
  class space    used 5194K, capacity 5530K, committed 5632K, reserved 1048576K
}
Event: 173.033 GC heap before
{Heap before GC invocations=12 (full 2):
 PSYoungGen      total 86016K, used 86013K [0x00000007aab00000, 0x00000007b2580000, 0x00000007c0000000)
  eden space 72192K, 100% used [0x00000007aab00000,0x00000007af180000,0x00000007af180000)
  from space 13824K, 99% used [0x00000007af180000,0x00000007afeff5a0,0x00000007aff00000)
  to   space 16384K, 0% used [0x00000007b1580000,0x00000007b1580000,0x00000007b2580000)
 ParOldGen       total 61952K, used 20335K [0x0000000780000000, 0x0000000783c80000, 0x00000007aab00000)
  object space 61952K, 32% used [0x0000000780000000,0x00000007813dbe08,0x0000000783c80000)
 Metaspace       used 52736K, capacity 54371K, committed 54656K, reserved 1097728K
  class space    used 6903K, capacity 7227K, committed 7296K, reserved 1048576K
Event: 173.071 GC heap after
Heap after GC invocations=12 (full 2):
 PSYoungGen      total 105984K, used 16378K [0x00000007aab00000, 0x00000007b2880000, 0x00000007c0000000)
  eden space 89600K, 0% used [0x00000007aab00000,0x00000007aab00000,0x00000007b0280000)
  from space 16384K, 99% used [0x00000007b1580000,0x00000007b257eb38,0x00000007b2580000)
  to   space 19456K, 0% used [0x00000007b0280000,0x00000007b0280000,0x00000007b1580000)
 ParOldGen       total 61952K, used 22519K [0x0000000780000000, 0x0000000783c80000, 0x00000007aab00000)
  object space 61952K, 36% used [0x0000000780000000,0x00000007815fdfd0,0x0000000783c80000)
 Metaspace       used 52736K, capacity 54371K, committed 54656K, reserved 1097728K
  class space    used 6903K, capacity 7227K, committed 7296K, reserved 1048576K
}

Deoptimization events (10 events):
Event: 168.257 Thread 0x00007fa25690d800 Uncommon trap: reason=array_check action=maybe_recompile pc=0x00000001190e5bec method=java.util.TimSort.binarySort([Ljava/lang/Object;IIILjava/util/Comparator;)V @ 215
Event: 168.308 Thread 0x00007fa25690d800 Uncommon trap: reason=array_check action=maybe_recompile pc=0x00000001190e7f68 method=java.util.TimSort.binarySort([Ljava/lang/Object;IIILjava/util/Comparator;)V @ 183
Event: 168.323 Thread 0x00007fa25690d800 Uncommon trap: reason=array_check action=maybe_recompile pc=0x00000001190e7f68 method=java.util.TimSort.binarySort([Ljava/lang/Object;IIILjava/util/Comparator;)V @ 183
Event: 169.006 Thread 0x00007fa25690d800 Uncommon trap: reason=bimorphic action=maybe_recompile pc=0x0000000118ccc130 method=com.sun.javafx.sg.prism.NGNode.clearDirtyTree()V @ 15
Event: 169.487 Thread 0x00007fa25690d800 Uncommon trap: reason=bimorphic action=maybe_recompile pc=0x0000000118ccc130 method=com.sun.javafx.sg.prism.NGNode.clearDirtyTree()V @ 15
Event: 169.599 Thread 0x00007fa256932000 Uncommon trap: reason=unstable_if action=reinterpret pc=0x000000011804bd64 method=java.io.ObjectInputStream$HandleTable.markDependency(II)V @ 132
Event: 172.099 Thread 0x00007fa25f3f9800 Uncommon trap: reason=unstable_if action=reinterpret pc=0x0000000119205904 method=java.awt.geom.Rectangle2D$Double.isEmpty()Z @ 6
Event: 173.221 Thread 0x00007fa25f3f9800 Uncommon trap: reason=unstable_if action=reinterpret pc=0x000000011936ed18 method=java.awt.geom.Rectangle2D$Double.isEmpty()Z @ 15
Event: 177.296 Thread 0x00007fa25f3f9800 Uncommon trap: reason=unstable_if action=reinterpret pc=0x00000001193ffb88 method=java.security.AccessControlContext.optimize()Ljava/security/AccessControlContext; @ 233
Event: 181.413 Thread 0x00007fa256932000 Uncommon trap: reason=unstable_if action=reinterpret pc=0x0000000119394e38 method=java.util.WeakHashMap.remove(Ljava/lang/Object;)Ljava/lang/Object; @ 94

Internal exceptions (10 events):
Event: 38.178 Thread 0x00007fa256932000 Implicit null exception at 0x0000000118b074c8 to 0x0000000118b10ea1
Event: 41.928 Thread 0x00007fa256932000 Exception <a 'java/io/FileNotFoundException'> (0x00000007aad08b10) thrown at [/Users/java_re/workspace/8-2-build-macosx-x86_64/jdk8u121/8372/hotspot/src/share/vm/prims/jni.cpp, line 709]
Event: 41.928 Thread 0x00007fa256932000 Exception <a 'java/io/FileNotFoundException'> (0x00000007aad09a00) thrown at [/Users/java_re/workspace/8-2-build-macosx-x86_64/jdk8u121/8372/hotspot/src/share/vm/prims/jni.cpp, line 709]
Event: 45.058 Thread 0x00007fa256932000 Exception <a 'java/lang/ClassNotFoundException': Report/FactureReportBeanBeanInfo> (0x00000007abbbef08) thrown at [/Users/java_re/workspace/8-2-build-macosx-x86_64/jdk8u121/8372/hotspot/src/share/vm/classfile/systemDictionary.cpp, line 210]
Event: 45.058 Thread 0x00007fa256932000 Exception <a 'java/lang/ClassNotFoundException': java/lang/ObjectBeanInfo> (0x00000007abbc2fc8) thrown at [/Users/java_re/workspace/8-2-build-macosx-x86_64/jdk8u121/8372/hotspot/src/share/vm/classfile/systemDictionary.cpp, line 210]
Event: 45.059 Thread 0x00007fa256932000 Exception <a 'java/lang/ClassNotFoundException': java/lang/ObjectCustomizer> (0x00000007abbc7168) thrown at [/Users/java_re/workspace/8-2-build-macosx-x86_64/jdk8u121/8372/hotspot/src/share/vm/classfile/systemDictionary.cpp, line 210]
Event: 45.063 Thread 0x00007fa256932000 Exception <a 'java/lang/ClassNotFoundException': Report/FactureReportBeanCustomizer> (0x00000007abbd6b60) thrown at [/Users/java_re/workspace/8-2-build-macosx-x86_64/jdk8u121/8372/hotspot/src/share/vm/classfile/systemDictionary.cpp, line 210]
Event: 165.171 Thread 0x00007fa25690d800 Implicit null exception at 0x00000001190100c8 to 0x0000000119010e55
Event: 173.077 Thread 0x00007fa256030800 Exception <a 'java/lang/NullPointerException'> (0x00000007aab68b78) thrown at [/Users/java_re/workspace/8-2-build-macosx-x86_64/jdk8u121/8372/hotspot/src/share/vm/interpreter/linkResolver.cpp, line 1178]
Event: 173.078 Thread 0x00007fa256030800 Exception <a 'java/lang/NullPointerException'> (0x00000007aab68e18) thrown at [/Users/java_re/workspace/8-2-build-macosx-x86_64/jdk8u121/8372/hotspot/src/share/vm/interpreter/linkResolver.cpp, line 1178]

Events (10 events):
Event: 191.089 loading class javafx/application/Application done
Event: 191.132 loading class com/sun/javafx/tk/quantum/QuantumRenderer
Event: 191.132 loading class com/sun/javafx/tk/quantum/QuantumRenderer done
Event: 191.132 loading class com/sun/javafx/tk/quantum/QuantumToolkit
Event: 191.132 loading class com/sun/javafx/tk/quantum/QuantumToolkit done
Event: 191.132 Thread 0x00007fa25690d800 Thread exited: 0x00007fa25690d800
Event: 191.133 Thread 0x00007fa25697d000 Thread exited: 0x00007fa25697d000
Event: 191.133 Thread 0x00007fa256932000 Thread exited: 0x00007fa256932000
Event: 191.133 Thread 0x00007fa256807000 Thread exited: 0x00007fa256807000
Event: 191.133 Thread 0x00007fa256807000 Thread added: 0x00007fa256807000


Dynamic libraries:
0x000000003fed4000 	/System/Library/Frameworks/Cocoa.framework/Versions/A/Cocoa
0x000000003fed4000 	/System/Library/Frameworks/Security.framework/Versions/A/Security
0x000000003fed4000 	/System/Library/Frameworks/ApplicationServices.framework/Versions/A/ApplicationServices
0x000000003fed4000 	/usr/lib/libz.1.dylib
0x000000003fed4000 	/usr/lib/libSystem.B.dylib
0x000000003fed4000 	/usr/lib/libobjc.A.dylib
0x000000003fed4000 	/System/Library/Frameworks/CoreFoundation.framework/Versions/A/CoreFoundation
0x000000003fed4000 	/System/Library/Frameworks/Foundation.framework/Versions/C/Foundation
0x000000003fed4000 	/System/Library/Frameworks/AppKit.framework/Versions/C/AppKit
0x000000003fed4000 	/System/Library/Frameworks/CoreData.framework/Versions/A/CoreData
0x000000003fed4000 	/System/Library/PrivateFrameworks/RemoteViewServices.framework/Versions/A/RemoteViewServices
0x000000003fed4000 	/System/Library/PrivateFrameworks/UIFoundation.framework/Versions/A/UIFoundation
0x000000003fed4000 	/System/Library/PrivateFrameworks/DFRFoundation.framework/Versions/A/DFRFoundation
0x000000003fed4000 	/usr/lib/libenergytrace.dylib
0x000000003fed4000 	/System/Library/PrivateFrameworks/SkyLight.framework/Versions/A/SkyLight
0x000000003fed4000 	/System/Library/Frameworks/CoreGraphics.framework/Versions/A/CoreGraphics
0x000000003fed4000 	/usr/lib/libScreenReader.dylib
0x000000003fed4000 	/System/Library/Frameworks/Accelerate.framework/Versions/A/Accelerate
0x000000003fed4000 	/System/Library/Frameworks/IOSurface.framework/Versions/A/IOSurface
0x000000003fed4000 	/System/Library/Frameworks/AudioToolbox.framework/Versions/A/AudioToolbox
0x000000003fed4000 	/System/Library/Frameworks/AudioUnit.framework/Versions/A/AudioUnit
0x000000003fed4000 	/System/Library/PrivateFrameworks/DataDetectorsCore.framework/Versions/A/DataDetectorsCore
0x000000003fed4000 	/System/Library/PrivateFrameworks/DesktopServicesPriv.framework/Versions/A/DesktopServicesPriv
0x000000003fed4000 	/System/Library/Frameworks/Carbon.framework/Versions/A/Frameworks/HIToolbox.framework/Versions/A/HIToolbox
0x000000003fed4000 	/usr/lib/libicucore.A.dylib
0x000000003fed4000 	/System/Library/Frameworks/QuartzCore.framework/Versions/A/QuartzCore
0x000000003fed4000 	/System/Library/Frameworks/Carbon.framework/Versions/A/Frameworks/SpeechRecognition.framework/Versions/A/SpeechRecognition
0x000000003fed4000 	/usr/lib/libauto.dylib
0x000000003fed4000 	/usr/lib/libxml2.2.dylib
0x000000003fed4000 	/System/Library/PrivateFrameworks/CoreUI.framework/Versions/A/CoreUI
0x000000003fed4000 	/System/Library/Frameworks/CoreAudio.framework/Versions/A/CoreAudio
0x000000003fed4000 	/System/Library/Frameworks/DiskArbitration.framework/Versions/A/DiskArbitration
0x000000003fed4000 	/usr/lib/liblangid.dylib
0x000000003fed4000 	/System/Library/PrivateFrameworks/MultitouchSupport.framework/Versions/A/MultitouchSupport
0x000000003fed4000 	/System/Library/Frameworks/IOKit.framework/Versions/A/IOKit
0x000000003fed4000 	/usr/lib/libDiagnosticMessagesClient.dylib
0x000000003fed4000 	/System/Library/Frameworks/CoreServices.framework/Versions/A/CoreServices
0x000000003fed4000 	/System/Library/PrivateFrameworks/PerformanceAnalysis.framework/Versions/A/PerformanceAnalysis
0x000000003fed4000 	/System/Library/PrivateFrameworks/GenerationalStorage.framework/Versions/A/GenerationalStorage
0x000000003fed4000 	/System/Library/Frameworks/OpenGL.framework/Versions/A/OpenGL
0x000000003fed4000 	/System/Library/Frameworks/CoreImage.framework/Versions/A/CoreImage
0x000000003fed4000 	/System/Library/Frameworks/CoreText.framework/Versions/A/CoreText
0x000000003fed4000 	/System/Library/Frameworks/ImageIO.framework/Versions/A/ImageIO
0x000000003fed4000 	/System/Library/PrivateFrameworks/Backup.framework/Versions/A/Backup
0x000000003fed4000 	/usr/lib/libarchive.2.dylib
0x000000003fed4000 	/System/Library/Frameworks/CFNetwork.framework/Versions/A/CFNetwork
0x000000003fed4000 	/System/Library/Frameworks/SystemConfiguration.framework/Versions/A/SystemConfiguration
0x000000003fed4000 	/usr/lib/libCRFSuite.dylib
0x000000003fed4000 	/usr/lib/libc++.1.dylib
0x000000003fed4000 	/usr/lib/libc++abi.dylib
0x000000003fed4000 	/usr/lib/system/libcache.dylib
0x000000003fed4000 	/usr/lib/system/libcommonCrypto.dylib
0x000000003fed4000 	/usr/lib/system/libcompiler_rt.dylib
0x000000003fed4000 	/usr/lib/system/libcopyfile.dylib
0x000000003fed4000 	/usr/lib/system/libcorecrypto.dylib
0x000000003fed4000 	/usr/lib/system/libdispatch.dylib
0x000000003fed4000 	/usr/lib/system/libdyld.dylib
0x000000003fed4000 	/usr/lib/system/libkeymgr.dylib
0x000000003fed4000 	/usr/lib/system/liblaunch.dylib
0x000000003fed4000 	/usr/lib/system/libmacho.dylib
0x000000003fed4000 	/usr/lib/system/libquarantine.dylib
0x000000003fed4000 	/usr/lib/system/libremovefile.dylib
0x000000003fed4000 	/usr/lib/system/libsystem_asl.dylib
0x000000003fed4000 	/usr/lib/system/libsystem_blocks.dylib
0x000000003fed4000 	/usr/lib/system/libsystem_c.dylib
0x000000003fed4000 	/usr/lib/system/libsystem_configuration.dylib
0x000000003fed4000 	/usr/lib/system/libsystem_coreservices.dylib
0x000000003fed4000 	/usr/lib/system/libsystem_coretls.dylib
0x000000003fed4000 	/usr/lib/system/libsystem_dnssd.dylib
0x000000003fed4000 	/usr/lib/system/libsystem_info.dylib
0x000000003fed4000 	/usr/lib/system/libsystem_kernel.dylib
0x000000003fed4000 	/usr/lib/system/libsystem_m.dylib
0x000000003fed4000 	/usr/lib/system/libsystem_malloc.dylib
0x000000003fed4000 	/usr/lib/system/libsystem_network.dylib
0x000000003fed4000 	/usr/lib/system/libsystem_networkextension.dylib
0x000000003fed4000 	/usr/lib/system/libsystem_notify.dylib
0x000000003fed4000 	/usr/lib/system/libsystem_platform.dylib
0x000000003fed4000 	/usr/lib/system/libsystem_pthread.dylib
0x000000003fed4000 	/usr/lib/system/libsystem_sandbox.dylib
0x000000003fed4000 	/usr/lib/system/libsystem_secinit.dylib
0x000000003fed4000 	/usr/lib/system/libsystem_symptoms.dylib
0x000000003fed4000 	/usr/lib/system/libsystem_trace.dylib
0x000000003fed4000 	/usr/lib/system/libunwind.dylib
0x000000003fed4000 	/usr/lib/system/libxpc.dylib
0x000000003fed4000 	/usr/lib/libbsm.0.dylib
0x000000003fed4000 	/usr/lib/system/libkxld.dylib
0x000000003fed4000 	/usr/lib/libcoretls.dylib
0x000000003fed4000 	/usr/lib/libcoretls_cfhelpers.dylib
0x000000003fed4000 	/usr/lib/libxar.1.dylib
0x000000003fed4000 	/usr/lib/libsqlite3.dylib
0x000000003fed4000 	/usr/lib/libpam.2.dylib
0x000000003fed4000 	/usr/lib/libOpenScriptingUtil.dylib
0x000000003fed4000 	/usr/lib/libbz2.1.0.dylib
0x000000003fed4000 	/usr/lib/liblzma.5.dylib
0x000000003fed4000 	/usr/lib/libnetwork.dylib
0x000000003fed4000 	/usr/lib/libpcap.A.dylib
0x000000003fed4000 	/System/Library/Frameworks/CoreServices.framework/Versions/A/Frameworks/FSEvents.framework/Versions/A/FSEvents
0x000000003fed4000 	/System/Library/Frameworks/CoreServices.framework/Versions/A/Frameworks/CarbonCore.framework/Versions/A/CarbonCore
0x000000003fed4000 	/System/Library/Frameworks/CoreServices.framework/Versions/A/Frameworks/Metadata.framework/Versions/A/Metadata
0x000000003fed4000 	/System/Library/Frameworks/CoreServices.framework/Versions/A/Frameworks/OSServices.framework/Versions/A/OSServices
0x000000003fed4000 	/System/Library/Frameworks/CoreServices.framework/Versions/A/Frameworks/SearchKit.framework/Versions/A/SearchKit
0x000000003fed4000 	/System/Library/Frameworks/CoreServices.framework/Versions/A/Frameworks/AE.framework/Versions/A/AE
0x000000003fed4000 	/System/Library/Frameworks/CoreServices.framework/Versions/A/Frameworks/LaunchServices.framework/Versions/A/LaunchServices
0x000000003fed4000 	/System/Library/Frameworks/CoreServices.framework/Versions/A/Frameworks/DictionaryServices.framework/Versions/A/DictionaryServices
0x000000003fed4000 	/System/Library/Frameworks/CoreServices.framework/Versions/A/Frameworks/SharedFileList.framework/Versions/A/SharedFileList
0x000000003fed4000 	/System/Library/Frameworks/NetFS.framework/Versions/A/NetFS
0x000000003fed4000 	/System/Library/PrivateFrameworks/NetAuth.framework/Versions/A/NetAuth
0x000000003fed4000 	/System/Library/PrivateFrameworks/login.framework/Versions/A/Frameworks/loginsupport.framework/Versions/A/loginsupport
0x000000003fed4000 	/System/Library/PrivateFrameworks/TCC.framework/Versions/A/TCC
0x000000003fed4000 	/usr/lib/libmecabra.dylib
0x000000003fed4000 	/System/Library/Frameworks/ApplicationServices.framework/Versions/A/Frameworks/ATS.framework/Versions/A/ATS
0x000000003fed4000 	/System/Library/Frameworks/ApplicationServices.framework/Versions/A/Frameworks/ColorSync.framework/Versions/A/ColorSync
0x000000003fed4000 	/System/Library/Frameworks/ApplicationServices.framework/Versions/A/Frameworks/HIServices.framework/Versions/A/HIServices
0x000000003fed4000 	/System/Library/Frameworks/ApplicationServices.framework/Versions/A/Frameworks/LangAnalysis.framework/Versions/A/LangAnalysis
0x000000003fed4000 	/System/Library/Frameworks/ApplicationServices.framework/Versions/A/Frameworks/PrintCore.framework/Versions/A/PrintCore
0x000000003fed4000 	/System/Library/Frameworks/ApplicationServices.framework/Versions/A/Frameworks/QD.framework/Versions/A/QD
0x000000003fed4000 	/System/Library/Frameworks/ApplicationServices.framework/Versions/A/Frameworks/SpeechSynthesis.framework/Versions/A/SpeechSynthesis
0x000000003fed4000 	/System/Library/Frameworks/Accelerate.framework/Versions/A/Frameworks/vImage.framework/Versions/A/vImage
0x000000003fed4000 	/System/Library/Frameworks/Accelerate.framework/Versions/A/Frameworks/vecLib.framework/Versions/A/vecLib
0x000000003fed4000 	/System/Library/Frameworks/Accelerate.framework/Versions/A/Frameworks/vecLib.framework/Versions/A/libvDSP.dylib
0x000000003fed4000 	/System/Library/Frameworks/Accelerate.framework/Versions/A/Frameworks/vecLib.framework/Versions/A/libBNNS.dylib
0x000000003fed4000 	/System/Library/Frameworks/Accelerate.framework/Versions/A/Frameworks/vecLib.framework/Versions/A/libQuadrature.dylib
0x000000003fed4000 	/System/Library/Frameworks/Accelerate.framework/Versions/A/Frameworks/vecLib.framework/Versions/A/libvMisc.dylib
0x000000003fed4000 	/System/Library/Frameworks/Accelerate.framework/Versions/A/Frameworks/vecLib.framework/Versions/A/libLAPACK.dylib
0x000000003fed4000 	/System/Library/Frameworks/Accelerate.framework/Versions/A/Frameworks/vecLib.framework/Versions/A/libBLAS.dylib
0x000000003fed4000 	/System/Library/Frameworks/Accelerate.framework/Versions/A/Frameworks/vecLib.framework/Versions/A/libLinearAlgebra.dylib
0x000000003fed4000 	/System/Library/Frameworks/Accelerate.framework/Versions/A/Frameworks/vecLib.framework/Versions/A/libSparseBLAS.dylib
0x000000003fed4000 	/System/Library/Frameworks/ApplicationServices.framework/Versions/A/Frameworks/ATS.framework/Versions/A/Resources/libFontParser.dylib
0x000000003fed4000 	/System/Library/Frameworks/ApplicationServices.framework/Versions/A/Frameworks/ATS.framework/Versions/A/Resources/libFontRegistry.dylib
0x000000003fed4000 	/System/Library/Frameworks/ImageIO.framework/Versions/A/Resources/libJPEG.dylib
0x000000003fed4000 	/System/Library/Frameworks/ImageIO.framework/Versions/A/Resources/libTIFF.dylib
0x000000003fed4000 	/System/Library/Frameworks/ImageIO.framework/Versions/A/Resources/libPng.dylib
0x000000003fed4000 	/System/Library/Frameworks/ImageIO.framework/Versions/A/Resources/libGIF.dylib
0x000000003fed4000 	/System/Library/Frameworks/ImageIO.framework/Versions/A/Resources/libJP2.dylib
0x000000003fed4000 	/System/Library/Frameworks/ImageIO.framework/Versions/A/Resources/libRadiance.dylib
0x000000003fed4000 	/usr/lib/libcompression.dylib
0x000000003fed4000 	/System/Library/PrivateFrameworks/AppleJPEG.framework/Versions/A/AppleJPEG
0x000000003fed4000 	/usr/lib/libcups.2.dylib
0x000000003fed4000 	/System/Library/Frameworks/Kerberos.framework/Versions/A/Kerberos
0x000000003fed4000 	/System/Library/Frameworks/GSS.framework/Versions/A/GSS
0x000000003fed4000 	/usr/lib/libresolv.9.dylib
0x000000003fed4000 	/usr/lib/libiconv.2.dylib
0x000000003fed4000 	/System/Library/PrivateFrameworks/Heimdal.framework/Versions/A/Heimdal
0x000000003fed4000 	/usr/lib/libheimdal-asn1.dylib
0x000000003fed4000 	/System/Library/Frameworks/OpenDirectory.framework/Versions/A/OpenDirectory
0x000000003fed4000 	/System/Library/PrivateFrameworks/CommonAuth.framework/Versions/A/CommonAuth
0x000000003fed4000 	/System/Library/Frameworks/OpenDirectory.framework/Versions/A/Frameworks/CFOpenDirectory.framework/Versions/A/CFOpenDirectory
0x000000003fed4000 	/System/Library/Frameworks/SecurityFoundation.framework/Versions/A/SecurityFoundation
0x000000003fed4000 	/System/Library/PrivateFrameworks/LanguageModeling.framework/Versions/A/LanguageModeling
0x000000003fed4000 	/usr/lib/libmarisa.dylib
0x000000003fed4000 	/usr/lib/libChineseTokenizer.dylib
0x000000003fed4000 	/usr/lib/libcmph.dylib
0x000000003fed4000 	/System/Library/PrivateFrameworks/CoreEmoji.framework/Versions/A/CoreEmoji
0x000000003fed4000 	/System/Library/Frameworks/ServiceManagement.framework/Versions/A/ServiceManagement
0x000000003fed4000 	/usr/lib/libxslt.1.dylib
0x000000003fed4000 	/System/Library/Frameworks/Carbon.framework/Versions/A/Frameworks/Ink.framework/Versions/A/Ink
0x000000003fed4000 	/System/Library/PrivateFrameworks/TextureIO.framework/Versions/A/TextureIO
0x000000003fed4000 	/System/Library/Frameworks/Metal.framework/Versions/A/Metal
0x000000003fed4000 	/usr/lib/libate.dylib
0x000000003fed4000 	/System/Library/PrivateFrameworks/GPUCompiler.framework/libmetal_timestamp.dylib
0x000000003fed4000 	/System/Library/Frameworks/OpenGL.framework/Versions/A/Libraries/libCoreFSCache.dylib
0x000000003fed4000 	/System/Library/PrivateFrameworks/IOAccelerator.framework/Versions/A/IOAccelerator
0x000000003fed4000 	/System/Library/Frameworks/CoreVideo.framework/Versions/A/CoreVideo
0x000000003fed4000 	/usr/lib/libFosl_dynamic.dylib
0x000000003fed4000 	/System/Library/PrivateFrameworks/MetalPerformanceShaders.framework/Versions/A/MetalPerformanceShaders
0x000000003fed4000 	/System/Library/PrivateFrameworks/FaceCore.framework/Versions/A/FaceCore
0x000000003fed4000 	/System/Library/Frameworks/OpenCL.framework/Versions/A/OpenCL
0x000000003fed4000 	/System/Library/Frameworks/OpenGL.framework/Versions/A/Libraries/libGLU.dylib
0x000000003fed4000 	/System/Library/Frameworks/OpenGL.framework/Versions/A/Libraries/libGFXShared.dylib
0x000000003fed4000 	/System/Library/Frameworks/OpenGL.framework/Versions/A/Libraries/libGL.dylib
0x000000003fed4000 	/System/Library/Frameworks/OpenGL.framework/Versions/A/Libraries/libGLImage.dylib
0x000000003fed4000 	/System/Library/Frameworks/OpenGL.framework/Versions/A/Libraries/libCVMSPluginSupport.dylib
0x000000003fed4000 	/System/Library/Frameworks/OpenGL.framework/Versions/A/Libraries/libCoreVMClient.dylib
0x000000003fed4000 	/System/Library/PrivateFrameworks/CrashReporterSupport.framework/Versions/A/CrashReporterSupport
0x000000003fed4000 	/System/Library/PrivateFrameworks/Sharing.framework/Versions/A/Sharing
0x000000003fed4000 	/System/Library/PrivateFrameworks/IconServices.framework/Versions/A/IconServices
0x000000003fed4000 	/System/Library/PrivateFrameworks/ProtocolBuffer.framework/Versions/A/ProtocolBuffer
0x000000003fed4000 	/System/Library/PrivateFrameworks/Apple80211.framework/Versions/A/Apple80211
0x000000003fed4000 	/System/Library/Frameworks/CoreWLAN.framework/Versions/A/CoreWLAN
0x000000003fed4000 	/System/Library/PrivateFrameworks/CoreUtils.framework/Versions/A/CoreUtils
0x000000003fed4000 	/System/Library/Frameworks/IOBluetooth.framework/Versions/A/IOBluetooth
0x000000003fed4000 	/System/Library/PrivateFrameworks/CoreWiFi.framework/Versions/A/CoreWiFi
0x000000003fed4000 	/System/Library/Frameworks/CoreBluetooth.framework/Versions/A/CoreBluetooth
0x000000003fed4000 	/System/Library/Frameworks/CoreDisplay.framework/Versions/A/CoreDisplay
0x000000003fed4000 	/System/Library/PrivateFrameworks/IOPresentment.framework/Versions/A/IOPresentment
0x000000003fed4000 	/System/Library/PrivateFrameworks/DebugSymbols.framework/Versions/A/DebugSymbols
0x000000003fed4000 	/System/Library/PrivateFrameworks/CoreSymbolication.framework/Versions/A/CoreSymbolication
0x000000003fed4000 	/System/Library/PrivateFrameworks/Symbolication.framework/Versions/A/Symbolication
0x000000003fed4000 	/System/Library/PrivateFrameworks/AppleFSCompression.framework/Versions/A/AppleFSCompression
0x000000003fed4000 	/System/Library/PrivateFrameworks/SpeechRecognitionCore.framework/Versions/A/SpeechRecognitionCore
0x000000003fed4000 	/System/Library/PrivateFrameworks/ChunkingLibrary.framework/Versions/A/ChunkingLibrary
0x000000010ec00000 	/Library/Java/JavaVirtualMachines/jdk1.8.0_121.jdk/Contents/Home/jre/lib/server/libjvm.dylib
0x000000003fed4000 	/usr/lib/libstdc++.6.dylib
0x000000010e2fd000 	/Library/Java/JavaVirtualMachines/jdk1.8.0_121.jdk/Contents/Home/jre/lib/libverify.dylib
0x000000010e30b000 	/Library/Java/JavaVirtualMachines/jdk1.8.0_121.jdk/Contents/Home/jre/lib/libjava.dylib
0x000000010e34a000 	/Library/Java/JavaVirtualMachines/jdk1.8.0_121.jdk/Contents/Home/jre/lib/libzip.dylib
0x000000010e3e2000 	/System/Library/Frameworks/JavaVM.framework/Frameworks/JavaRuntimeSupport.framework/JavaRuntimeSupport
0x0000000113ee5000 	/System/Library/Frameworks/JavaVM.framework/Versions/A/Frameworks/JavaNativeFoundation.framework/Versions/A/JavaNativeFoundation
0x0000000113efa000 	/System/Library/Frameworks/JavaVM.framework/Versions/A/JavaVM
0x000000003fed4000 	/System/Library/Frameworks/Carbon.framework/Versions/A/Carbon
0x0000000113f07000 	/System/Library/PrivateFrameworks/JavaLaunching.framework/Versions/A/JavaLaunching
0x000000003fed4000 	/System/Library/Frameworks/Carbon.framework/Versions/A/Frameworks/CommonPanels.framework/Versions/A/CommonPanels
0x000000003fed4000 	/System/Library/Frameworks/Carbon.framework/Versions/A/Frameworks/Help.framework/Versions/A/Help
0x000000003fed4000 	/System/Library/Frameworks/Carbon.framework/Versions/A/Frameworks/ImageCapture.framework/Versions/A/ImageCapture
0x000000003fed4000 	/System/Library/Frameworks/Carbon.framework/Versions/A/Frameworks/OpenScripting.framework/Versions/A/OpenScripting
0x000000003fed4000 	/System/Library/Frameworks/Carbon.framework/Versions/A/Frameworks/Print.framework/Versions/A/Print
0x000000003fed4000 	/System/Library/Frameworks/Carbon.framework/Versions/A/Frameworks/SecurityHI.framework/Versions/A/SecurityHI
0x00000001158b4000 	/Library/Java/JavaVirtualMachines/jdk1.8.0_121.jdk/Contents/Home/jre/lib/libprism_es2.dylib
0x000000003fed4000 	/System/Library/Frameworks/OpenGL.framework/Versions/A/Resources/GLEngine.bundle/GLEngine
0x000000003fed4000 	/System/Library/Frameworks/OpenGL.framework/Versions/A/Libraries/libGLProgrammability.dylib
0x000000011591a000 	/System/Library/Extensions/AppleIntelHD4000GraphicsGLDriver.bundle/Contents/MacOS/AppleIntelHD4000GraphicsGLDriver
0x000000003fed4000 	/System/Library/PrivateFrameworks/GPUSupport.framework/Versions/A/Libraries/libGPUSupportMercury.dylib
0x000000003fed4000 	/System/Library/Frameworks/OpenGL.framework/Versions/A/Resources/GLRendererFloat.bundle/GLRendererFloat
0x000000003fed4000 	/System/Library/Frameworks/OpenCL.framework/Versions/A/Libraries/libcldcpuengine.dylib
0x000000003fed4000 	/usr/lib/libcrypto.0.9.8.dylib
0x000000003fed4000 	/System/Library/PrivateFrameworks/TrustEvaluationAgent.framework/Versions/A/TrustEvaluationAgent
0x000000011640e000 	/Library/Java/JavaVirtualMachines/jdk1.8.0_121.jdk/Contents/Home/jre/lib/libglass.dylib
0x000000003fed4000 	/System/Library/PrivateFrameworks/CoreServicesInternal.framework/Versions/A/CoreServicesInternal
0x000000003fed4000 	/System/Library/CoreServices/RawCamera.bundle/Contents/MacOS/RawCamera
0x000000003fed4000 	/System/Library/Frameworks/Accelerate.framework/Versions/A/Frameworks/vImage.framework/Versions/A/Libraries/libCGInterfaces.dylib
0x000000003fed4000 	/System/Library/PrivateFrameworks/FamilyControls.framework/Versions/A/FamilyControls
0x000000003fed4000 	/System/Library/PrivateFrameworks/CommerceKit.framework/Versions/A/Frameworks/CommerceCore.framework/Versions/A/CommerceCore
0x000000003fed4000 	/System/Library/PrivateFrameworks/SystemAdministration.framework/Versions/A/SystemAdministration
0x000000003fed4000 	/System/Library/PrivateFrameworks/AppContainer.framework/Versions/A/AppContainer
0x000000003fed4000 	/System/Library/PrivateFrameworks/SecCodeWrapper.framework/Versions/A/SecCodeWrapper
0x000000003fed4000 	/System/Library/Frameworks/DirectoryService.framework/Versions/A/DirectoryService
0x000000003fed4000 	/System/Library/PrivateFrameworks/DiskImages.framework/Versions/A/DiskImages
0x000000003fed4000 	/System/Library/PrivateFrameworks/LoginUIKit.framework/Versions/A/Frameworks/LoginUICore.framework/Versions/A/LoginUICore
0x000000003fed4000 	/usr/lib/libCoreStorage.dylib
0x000000003fed4000 	/usr/lib/libcsfde.dylib
0x000000003fed4000 	/usr/lib/libodfde.dylib
0x000000003fed4000 	/System/Library/Frameworks/DiscRecording.framework/Versions/A/DiscRecording
0x000000003fed4000 	/usr/lib/libcurl.4.dylib
0x000000003fed4000 	/System/Library/PrivateFrameworks/MediaKit.framework/Versions/A/MediaKit
0x000000003fed4000 	/System/Library/PrivateFrameworks/ProtectedCloudStorage.framework/Versions/A/ProtectedCloudStorage
0x000000003fed4000 	/System/Library/PrivateFrameworks/EFILogin.framework/Versions/A/EFILogin
0x000000003fed4000 	/usr/lib/libutil.dylib
0x000000003fed4000 	/System/Library/Frameworks/LDAP.framework/Versions/A/LDAP
0x000000003fed4000 	/usr/lib/libsasl2.2.dylib
0x000000003fed4000 	/System/Library/PrivateFrameworks/CoreDaemon.framework/Versions/B/CoreDaemon
0x000000003fed4000 	/System/Library/PrivateFrameworks/AppleSRP.framework/Versions/A/AppleSRP
0x000000003fed4000 	/System/Library/PrivateFrameworks/APFS.framework/Versions/A/APFS
0x0000000116e3f000 	/Library/Java/JavaVirtualMachines/jdk1.8.0_121.jdk/Contents/Home/jre/lib/libjavafx_iio.dylib
0x0000000116e7d000 	/Library/Java/JavaVirtualMachines/jdk1.8.0_121.jdk/Contents/Home/jre/lib/libjavafx_font.dylib
0x0000000116ed7000 	/Library/Java/JavaVirtualMachines/jdk1.8.0_121.jdk/Contents/Home/jre/lib/libnet.dylib
0x000000003fed4000 	/System/Library/Frameworks/ApplicationServices.framework/Versions/A/Frameworks/ATS.framework/Versions/A/Resources/libTrueTypeScaler.dylib
0x000000012b46a000 	/System/Library/Extensions/AppleIntelHD4000GraphicsMTLDriver.bundle/Contents/MacOS/AppleIntelHD4000GraphicsMTLDriver
0x000000012bf3a000 	/Library/Java/JavaVirtualMachines/jdk1.8.0_121.jdk/Contents/Home/jre/lib/libprism_common.dylib
0x000000003fed4000 	/System/Library/PrivateFrameworks/ViewBridge.framework/Versions/A/ViewBridge
0x000000003fed4000 	/System/Library/PrivateFrameworks/XPCService.framework/Versions/A/XPCService
0x000000003fed4000 	/System/Library/PrivateFrameworks/AppSandbox.framework/Versions/A/AppSandbox
0x000000003fed4000 	/usr/lib/libsandbox.1.dylib
0x000000003fed4000 	/usr/lib/libMatch.1.dylib
0x0000000132471000 	/Library/Java/JavaVirtualMachines/jdk1.8.0_121.jdk/Contents/Home/jre/lib/libawt.dylib
0x0000000133575000 	/Library/Java/JavaVirtualMachines/jdk1.8.0_121.jdk/Contents/Home/jre/lib/./libmlib_image.dylib
0x0000000133641000 	/Library/Java/JavaVirtualMachines/jdk1.8.0_121.jdk/Contents/Home/jre/lib/libawt_lwawt.dylib
0x000000012cc87000 	/Library/Java/JavaVirtualMachines/jdk1.8.0_121.jdk/Contents/Home/jre/lib/./libosxapp.dylib
0x000000003fed4000 	/System/Library/Frameworks/ExceptionHandling.framework/Versions/A/ExceptionHandling
0x0000000132559000 	/Library/Java/JavaVirtualMachines/jdk1.8.0_121.jdk/Contents/Home/jre/lib/libfontmanager.dylib
0x000000012d39b000 	/Library/Java/JavaVirtualMachines/jdk1.8.0_121.jdk/Contents/Home/jre/lib/libnio.dylib
0x000000015ef8c000 	/Library/Java/JavaVirtualMachines/jdk1.8.0_121.jdk/Contents/Home/jre/lib/libosxui.dylib

VM Arguments:
jvm_args: -Dfile.encoding=UTF-8 
java_command: /Users/mac/NetBeansProjects/GestionNew2/service_comercial/Gestion-Commercial/dist/run2017205304/Gestion-Commercial.jar
java_class_path (initial): /Users/mac/NetBeansProjects/GestionNew2/service_comercial/Gestion-Commercial/dist/run2017205304/Gestion-Commercial.jar
Launcher Type: SUN_STANDARD

Environment Variables:
PATH=/usr/bin:/bin:/usr/sbin:/sbin
LD_LIBRARY_PATH=/Library/Java/JavaVirtualMachines/jdk1.8.0_121.jdk/Contents/Home/jre/lib/amd64:/Library/Java/JavaVirtualMachines/jdk1.8.0_121.jdk/Contents/Home/jre/lib/i386:
SHELL=/bin/bash

Signal Handlers:
SIGSEGV: [libjvm.dylib+0x5b1141], sa_mask[0]=11111111011111110111111111111111, sa_flags=SA_ONSTACK|SA_RESTART|SA_SIGINFO
SIGBUS: [libjvm.dylib+0x5b1141], sa_mask[0]=11111111011111110111111111111111, sa_flags=SA_RESTART|SA_SIGINFO
SIGFPE: [libjvm.dylib+0x487bc4], sa_mask[0]=11111111011111110111111111111111, sa_flags=SA_RESTART|SA_SIGINFO
SIGPIPE: [libjvm.dylib+0x487bc4], sa_mask[0]=11111111011111110111111111111111, sa_flags=SA_RESTART|SA_SIGINFO
SIGXFSZ: [libjvm.dylib+0x487bc4], sa_mask[0]=11111111011111110111111111111111, sa_flags=SA_RESTART|SA_SIGINFO
SIGILL: [libjvm.dylib+0x487bc4], sa_mask[0]=11111111011111110111111111111111, sa_flags=SA_RESTART|SA_SIGINFO
SIGUSR1: SIG_DFL, sa_mask[0]=00000000000000000000000000000000, sa_flags=none
SIGUSR2: [libjvm.dylib+0x4876e2], sa_mask[0]=00100000000000000000000000000000, sa_flags=SA_RESTART|SA_SIGINFO
SIGHUP: [libjvm.dylib+0x485cb9], sa_mask[0]=11111111011111110111111111111111, sa_flags=SA_RESTART|SA_SIGINFO
SIGINT: SIG_IGN, sa_mask[0]=00000000000000000000000000000000, sa_flags=none
SIGTERM: [libjvm.dylib+0x485cb9], sa_mask[0]=11111111011111110111111111111111, sa_flags=SA_RESTART|SA_SIGINFO
SIGQUIT: [libjvm.dylib+0x485cb9], sa_mask[0]=11111111011111110111111111111111, sa_flags=SA_RESTART|SA_SIGINFO


---------------  S Y S T E M  ---------------

OS:Bsduname:Darwin 16.1.0 Darwin Kernel Version 16.1.0: Wed Oct 19 20:31:56 PDT 2016; root:xnu-3789.21.4~4/RELEASE_X86_64 x86_64
rlimit: STACK 8192k, CORE 0k, NPROC 709, NOFILE 10240, AS infinity
load average:19.12 10.00 5.17

CPU:total 4 (2 cores per cpu, 2 threads per core) family 6 model 58 stepping 9, cmov, cx8, fxsr, mmx, sse, sse2, sse3, ssse3, sse4.1, sse4.2, popcnt, avx, aes, clmul, erms, ht, tsc, tscinvbit, tscinv

Memory: 4k page, physical 4194304k(78132k free)

/proc/meminfo:


vm_info: Java HotSpot(TM) 64-Bit Server VM (25.121-b13) for bsd-amd64 JRE (1.8.0_121-b13), built on Dec 12 2016 20:39:32 by "java_re" with gcc 4.2.1 (Based on Apple Inc. build 5658) (LLVM build 2336.11.00)

time: Thu Jun  8 04:22:12 2017
elapsed time: 191 seconds (0d 0h 3m 11s)

